<?xml version="1.0" encoding="UTF-8"?>
<!-- Generated by org.testng.reporters.JUnitReportReporter -->
<testsuite hostname="DETLAP021.local" failures="0" tests="1" name="com.demo.test.AddCustomerTest" time="0.001" errors="0" timestamp="2021-03-04T18:07:02 IST" skipped="1">
  <testcase classname="com.demo.test.AddCustomerTest" name="addCustomerTest" time="0.001">
    <skipped/>
  </testcase> <!-- addCustomerTest -->
  <system-out/>
</testsuite> <!-- com.demo.test.AddCustomerTest -->
