<?xml version="1.0" encoding="UTF-8"?>
<!-- Generated by org.testng.reporters.JUnitReportReporter -->
<testsuite hostname="DETLAP021.local" failures="0" tests="2" name="com.demo.test.LoginTest" time="0.651" errors="0" timestamp="2021-03-04T18:07:02 IST" skipped="0">
  <testcase classname="com.demo.test.LoginTest" name="customerLogin" time="0.424"/>
  <system-out/>
  <testcase classname="com.demo.test.LoginTest" name="bankManagerLogin" time="0.227"/>
  <system-out/>
</testsuite> <!-- com.demo.test.LoginTest -->
